<?xml version="1.0" encoding="UTF-8"?>
<!-- Generated by org.testng.reporters.JUnitXMLReporter -->
<testsuite ignored="0" hostname="Yashs-MacBook-Air.local" failures="0" tests="1" name="Test" time="20.46" errors="0" timestamp="2026-01-02T00:04:16 IST">
  <testcase classname="com.TestNGConcept" name="@AfterMethod tearDown" time="0.023">
    <failure type="java.lang.NullPointerException" message="Cannot invoke &amp;quot;org.openqa.selenium.WebDriver.quit()&amp;quot; because &amp;quot;this.driver&amp;quot; is null">
      <![CDATA[java.lang.NullPointerException: Cannot invoke "org.openqa.selenium.WebDriver.quit()" because "this.driver" is null
at com.TestNGConcept.tearDown(TestNGConcept.java:37)
at java.base/java.util.ArrayList.forEach(ArrayList.java:1604)
... Removed 30 stack frames]]>
    </failure>
  </testcase> <!-- @AfterMethod tearDown -->
  <testcase classname="com.TestNGConcept" name="Test" time="0.06"/>
</testsuite> <!-- Test -->
